<?xml version="1.0" encoding="UTF-8"?>
<!-- Generated by org.testng.reporters.JUnitReportReporter -->
<testsuite hostname="Vishwanath-Naik" failures="0" tests="1" name="TestNg_Practice.practice2" time="0.004" errors="0" timestamp="2023-02-27T12:52:07 IST" skipped="0">
  <testcase classname="TestNg_Practice.practice2" name="test5" time="0.004"/>
  <system-out/>
</testsuite> <!-- TestNg_Practice.practice2 -->
