<?xml version="1.0" encoding="UTF-8"?>
<!-- Generated by org.testng.reporters.JUnitReportReporter -->
<testsuite hostname="Vishwanath-Naik" failures="0" tests="2" name="TestNg_Practice.practice" time="0.013" errors="0" timestamp="2023-02-27T12:52:07 IST" skipped="0">
  <testcase classname="TestNg_Practice.practice" name="test" time="0.010"/>
  <system-out/>
  <testcase classname="TestNg_Practice.practice" name="test3" time="0.003"/>
  <system-out/>
</testsuite> <!-- TestNg_Practice.practice -->
